语法

    0 $accept: program $end

    1 program: statements

    2 statements: statement
    3           | statements statement

    4 statement: instruction
    5          | if_else
    6          | while
    7          | LBRACE statements RBRACE

    8 if_else: IF bool_statment statement
    9        | IF bool_statment statement ELSE statement

   10 while: WHILE bool_statment statement

   11 bool_statment: LPAREN bool_expr RPAREN

   12 instruction: type ID ASSIGN expr SEMICOLON
   13            | ID ASSIGN expr SEMICOLON
   14            | printf SEMICOLON
   15            | scanf SEMICOLON

   16 printf: PRINTF LPAREN expr RPAREN

   17 scanf: SCANF LPAREN expr RPAREN

   18 bool_expr: TRUE
   19          | FALSE
   20          | expr EQUAL expr
   21          | NOT bool_expr

   22 expr: ID
   23     | INTEGER
   24     | expr ADD expr

   25 type: INT
   26     | VOID


终结语词，附有它们出现处的规则

    $end (0) 0
    error (256)
    ID (258) 12 13 22
    INTEGER (259) 23
    IF (260) 8 9
    ELSE (261) 9
    WHILE (262) 10
    INT (263) 25
    VOID (264) 26
    LPAREN (265) 11 16 17
    RPAREN (266) 11 16 17
    LBRACE (267) 7
    RBRACE (268) 7
    SEMICOLON (269) 12 13 14 15
    TRUE (270) 18
    FALSE (271) 19
    ADD (272) 24
    ASSIGN (273) 12 13
    EQUAL (274) 20
    NOT (275) 21
    PRINTF (276) 16
    SCANF (277) 17
    LOWER_THEN_ELSE (278)


非终结语词，附有它们出现处的规则

    $accept (24)
        on left: 0
    program (25)
        on left: 1
        on right: 0
    statements (26)
        on left: 2 3
        on right: 1 3 7
    statement (27)
        on left: 4 5 6 7
        on right: 2 3 8 9 10
    if_else (28)
        on left: 8 9
        on right: 5
    while (29)
        on left: 10
        on right: 6
    bool_statment (30)
        on left: 11
        on right: 8 9 10
    instruction (31)
        on left: 12 13 14 15
        on right: 4
    printf (32)
        on left: 16
        on right: 14
    scanf (33)
        on left: 17
        on right: 15
    bool_expr (34)
        on left: 18 19 20 21
        on right: 11 21
    expr (35)
        on left: 22 23 24
        on right: 12 13 16 17 20 24
    type (36)
        on left: 25 26
        on right: 12


状态 0

    0 $accept: . program $end

    ID      偏移，并进入状态 1
    IF      偏移，并进入状态 2
    WHILE   偏移，并进入状态 3
    INT     偏移，并进入状态 4
    VOID    偏移，并进入状态 5
    LBRACE  偏移，并进入状态 6
    PRINTF  偏移，并进入状态 7
    SCANF   偏移，并进入状态 8

    program      转到状态 9
    statements   转到状态 10
    statement    转到状态 11
    if_else      转到状态 12
    while        转到状态 13
    instruction  转到状态 14
    printf       转到状态 15
    scanf        转到状态 16
    type         转到状态 17


状态 1

   13 instruction: ID . ASSIGN expr SEMICOLON

    ASSIGN  偏移，并进入状态 18


状态 2

    8 if_else: IF . bool_statment statement
    9        | IF . bool_statment statement ELSE statement

    LPAREN  偏移，并进入状态 19

    bool_statment  转到状态 20


状态 3

   10 while: WHILE . bool_statment statement

    LPAREN  偏移，并进入状态 19

    bool_statment  转到状态 21


状态 4

   25 type: INT .

    $default  使用规则 25 以归约 (type)


状态 5

   26 type: VOID .

    $default  使用规则 26 以归约 (type)


状态 6

    7 statement: LBRACE . statements RBRACE

    ID      偏移，并进入状态 1
    IF      偏移，并进入状态 2
    WHILE   偏移，并进入状态 3
    INT     偏移，并进入状态 4
    VOID    偏移，并进入状态 5
    LBRACE  偏移，并进入状态 6
    PRINTF  偏移，并进入状态 7
    SCANF   偏移，并进入状态 8

    statements   转到状态 22
    statement    转到状态 11
    if_else      转到状态 12
    while        转到状态 13
    instruction  转到状态 14
    printf       转到状态 15
    scanf        转到状态 16
    type         转到状态 17


状态 7

   16 printf: PRINTF . LPAREN expr RPAREN

    LPAREN  偏移，并进入状态 23


状态 8

   17 scanf: SCANF . LPAREN expr RPAREN

    LPAREN  偏移，并进入状态 24


状态 9

    0 $accept: program . $end

    $end  偏移，并进入状态 25


状态 10

    1 program: statements .
    3 statements: statements . statement

    ID      偏移，并进入状态 1
    IF      偏移，并进入状态 2
    WHILE   偏移，并进入状态 3
    INT     偏移，并进入状态 4
    VOID    偏移，并进入状态 5
    LBRACE  偏移，并进入状态 6
    PRINTF  偏移，并进入状态 7
    SCANF   偏移，并进入状态 8

    $default  使用规则 1 以归约 (program)

    statement    转到状态 26
    if_else      转到状态 12
    while        转到状态 13
    instruction  转到状态 14
    printf       转到状态 15
    scanf        转到状态 16
    type         转到状态 17


状态 11

    2 statements: statement .

    $default  使用规则 2 以归约 (statements)


状态 12

    5 statement: if_else .

    $default  使用规则 5 以归约 (statement)


状态 13

    6 statement: while .

    $default  使用规则 6 以归约 (statement)


状态 14

    4 statement: instruction .

    $default  使用规则 4 以归约 (statement)


状态 15

   14 instruction: printf . SEMICOLON

    SEMICOLON  偏移，并进入状态 27


状态 16

   15 instruction: scanf . SEMICOLON

    SEMICOLON  偏移，并进入状态 28


状态 17

   12 instruction: type . ID ASSIGN expr SEMICOLON

    ID  偏移，并进入状态 29


状态 18

   13 instruction: ID ASSIGN . expr SEMICOLON

    ID       偏移，并进入状态 30
    INTEGER  偏移，并进入状态 31

    expr  转到状态 32


状态 19

   11 bool_statment: LPAREN . bool_expr RPAREN

    ID       偏移，并进入状态 30
    INTEGER  偏移，并进入状态 31
    TRUE     偏移，并进入状态 33
    FALSE    偏移，并进入状态 34
    NOT      偏移，并进入状态 35

    bool_expr  转到状态 36
    expr       转到状态 37


状态 20

    8 if_else: IF bool_statment . statement
    9        | IF bool_statment . statement ELSE statement

    ID      偏移，并进入状态 1
    IF      偏移，并进入状态 2
    WHILE   偏移，并进入状态 3
    INT     偏移，并进入状态 4
    VOID    偏移，并进入状态 5
    LBRACE  偏移，并进入状态 6
    PRINTF  偏移，并进入状态 7
    SCANF   偏移，并进入状态 8

    statement    转到状态 38
    if_else      转到状态 12
    while        转到状态 13
    instruction  转到状态 14
    printf       转到状态 15
    scanf        转到状态 16
    type         转到状态 17


状态 21

   10 while: WHILE bool_statment . statement

    ID      偏移，并进入状态 1
    IF      偏移，并进入状态 2
    WHILE   偏移，并进入状态 3
    INT     偏移，并进入状态 4
    VOID    偏移，并进入状态 5
    LBRACE  偏移，并进入状态 6
    PRINTF  偏移，并进入状态 7
    SCANF   偏移，并进入状态 8

    statement    转到状态 39
    if_else      转到状态 12
    while        转到状态 13
    instruction  转到状态 14
    printf       转到状态 15
    scanf        转到状态 16
    type         转到状态 17


状态 22

    3 statements: statements . statement
    7 statement: LBRACE statements . RBRACE

    ID      偏移，并进入状态 1
    IF      偏移，并进入状态 2
    WHILE   偏移，并进入状态 3
    INT     偏移，并进入状态 4
    VOID    偏移，并进入状态 5
    LBRACE  偏移，并进入状态 6
    RBRACE  偏移，并进入状态 40
    PRINTF  偏移，并进入状态 7
    SCANF   偏移，并进入状态 8

    statement    转到状态 26
    if_else      转到状态 12
    while        转到状态 13
    instruction  转到状态 14
    printf       转到状态 15
    scanf        转到状态 16
    type         转到状态 17


状态 23

   16 printf: PRINTF LPAREN . expr RPAREN

    ID       偏移，并进入状态 30
    INTEGER  偏移，并进入状态 31

    expr  转到状态 41


状态 24

   17 scanf: SCANF LPAREN . expr RPAREN

    ID       偏移，并进入状态 30
    INTEGER  偏移，并进入状态 31

    expr  转到状态 42


状态 25

    0 $accept: program $end .

    $default  接受


状态 26

    3 statements: statements statement .

    $default  使用规则 3 以归约 (statements)


状态 27

   14 instruction: printf SEMICOLON .

    $default  使用规则 14 以归约 (instruction)


状态 28

   15 instruction: scanf SEMICOLON .

    $default  使用规则 15 以归约 (instruction)


状态 29

   12 instruction: type ID . ASSIGN expr SEMICOLON

    ASSIGN  偏移，并进入状态 43


状态 30

   22 expr: ID .

    $default  使用规则 22 以归约 (expr)


状态 31

   23 expr: INTEGER .

    $default  使用规则 23 以归约 (expr)


状态 32

   13 instruction: ID ASSIGN expr . SEMICOLON
   24 expr: expr . ADD expr

    SEMICOLON  偏移，并进入状态 44
    ADD        偏移，并进入状态 45


状态 33

   18 bool_expr: TRUE .

    $default  使用规则 18 以归约 (bool_expr)


状态 34

   19 bool_expr: FALSE .

    $default  使用规则 19 以归约 (bool_expr)


状态 35

   21 bool_expr: NOT . bool_expr

    ID       偏移，并进入状态 30
    INTEGER  偏移，并进入状态 31
    TRUE     偏移，并进入状态 33
    FALSE    偏移，并进入状态 34
    NOT      偏移，并进入状态 35

    bool_expr  转到状态 46
    expr       转到状态 37


状态 36

   11 bool_statment: LPAREN bool_expr . RPAREN

    RPAREN  偏移，并进入状态 47


状态 37

   20 bool_expr: expr . EQUAL expr
   24 expr: expr . ADD expr

    ADD    偏移，并进入状态 45
    EQUAL  偏移，并进入状态 48


状态 38

    8 if_else: IF bool_statment statement .
    9        | IF bool_statment statement . ELSE statement

    ELSE  偏移，并进入状态 49

    $default  使用规则 8 以归约 (if_else)


状态 39

   10 while: WHILE bool_statment statement .

    $default  使用规则 10 以归约 (while)


状态 40

    7 statement: LBRACE statements RBRACE .

    $default  使用规则 7 以归约 (statement)


状态 41

   16 printf: PRINTF LPAREN expr . RPAREN
   24 expr: expr . ADD expr

    RPAREN  偏移，并进入状态 50
    ADD     偏移，并进入状态 45


状态 42

   17 scanf: SCANF LPAREN expr . RPAREN
   24 expr: expr . ADD expr

    RPAREN  偏移，并进入状态 51
    ADD     偏移，并进入状态 45


状态 43

   12 instruction: type ID ASSIGN . expr SEMICOLON

    ID       偏移，并进入状态 30
    INTEGER  偏移，并进入状态 31

    expr  转到状态 52


状态 44

   13 instruction: ID ASSIGN expr SEMICOLON .

    $default  使用规则 13 以归约 (instruction)


状态 45

   24 expr: expr ADD . expr

    ID       偏移，并进入状态 30
    INTEGER  偏移，并进入状态 31

    expr  转到状态 53


状态 46

   21 bool_expr: NOT bool_expr .

    $default  使用规则 21 以归约 (bool_expr)


状态 47

   11 bool_statment: LPAREN bool_expr RPAREN .

    $default  使用规则 11 以归约 (bool_statment)


状态 48

   20 bool_expr: expr EQUAL . expr

    ID       偏移，并进入状态 30
    INTEGER  偏移，并进入状态 31

    expr  转到状态 54


状态 49

    9 if_else: IF bool_statment statement ELSE . statement

    ID      偏移，并进入状态 1
    IF      偏移，并进入状态 2
    WHILE   偏移，并进入状态 3
    INT     偏移，并进入状态 4
    VOID    偏移，并进入状态 5
    LBRACE  偏移，并进入状态 6
    PRINTF  偏移，并进入状态 7
    SCANF   偏移，并进入状态 8

    statement    转到状态 55
    if_else      转到状态 12
    while        转到状态 13
    instruction  转到状态 14
    printf       转到状态 15
    scanf        转到状态 16
    type         转到状态 17


状态 50

   16 printf: PRINTF LPAREN expr RPAREN .

    $default  使用规则 16 以归约 (printf)


状态 51

   17 scanf: SCANF LPAREN expr RPAREN .

    $default  使用规则 17 以归约 (scanf)


状态 52

   12 instruction: type ID ASSIGN expr . SEMICOLON
   24 expr: expr . ADD expr

    SEMICOLON  偏移，并进入状态 56
    ADD        偏移，并进入状态 45


状态 53

   24 expr: expr . ADD expr
   24     | expr ADD expr .

    $default  使用规则 24 以归约 (expr)


状态 54

   20 bool_expr: expr EQUAL expr .
   24 expr: expr . ADD expr

    ADD  偏移，并进入状态 45

    $default  使用规则 20 以归约 (bool_expr)


状态 55

    9 if_else: IF bool_statment statement ELSE statement .

    $default  使用规则 9 以归约 (if_else)


状态 56

   12 instruction: type ID ASSIGN expr SEMICOLON .

    $default  使用规则 12 以归约 (instruction)
